app/build/outputs/logs/manifest-merger-debug-report.txt
-- Merging decision tree log ---
manifest
ADDED from AndroidManifest.xml:2:1
	xmlns:android
		ADDED from AndroidManifest.xml:2:11
	package
		ADDED from AndroidManifest.xml:3:5
		INJECTED from AndroidManifest.xml:0:0
		INJECTED from AndroidManifest.xml:0:0
	android:versionName
		ADDED from AndroidManifest.xml:5:5
	android:versionCode
		ADDED from AndroidManifest.xml:4:5
		INJECTED from AndroidManifest.xml:0:0
		INJECTED from AndroidManifest.xml:0:0
uses-sdk
ADDED from AndroidManifest.xml:7:5
	android:targetSdkVersion
		ADDED from AndroidManifest.xml:9:9
		INJECTED from AndroidManifest.xml:0:0
		INJECTED from AndroidManifest.xml:0:0
	android:minSdkVersion
		ADDED from AndroidManifest.xml:8:9
		INJECTED from AndroidManifest.xml:0:0
		INJECTED from AndroidManifest.xml:0:0
application
ADDED from AndroidManifest.xml:11:5
	android:label
		ADDED from AndroidManifest.xml:14:9
	android:allowBackup
		ADDED from AndroidManifest.xml:12:9
	android:icon
		ADDED from AndroidManifest.xml:13:9
	android:theme
		ADDED from AndroidManifest.xml:15:9
activity#info.androidhive.slidingmenu.Login
ADDED from AndroidManifest.xml:16:9
	android:noHistory
		ADDED from AndroidManifest.xml:16:66
	android:label
		ADDED from AndroidManifest.xml:16:41
	android:name
		ADDED from AndroidManifest.xml:16:19
intent-filter#android.intent.action.MAIN+android.intent.category.LAUNCHER
ADDED from AndroidManifest.xml:17:13
action#android.intent.action.MAIN
ADDED from AndroidManifest.xml:18:17
	android:name
		ADDED from AndroidManifest.xml:18:25
category#android.intent.category.LAUNCHER
ADDED from AndroidManifest.xml:19:17
	android:name
		ADDED from AndroidManifest.xml:19:27
activity#info.androidhive.slidingmenu.MainActivity
ADDED from AndroidManifest.xml:22:9
	android:label
		ADDED from AndroidManifest.xml:24:13
	android:name
		ADDED from AndroidManifest.xml:23:13
activity#info.androidhive.slidingmenu.Itemorder
ADDED from AndroidManifest.xml:26:9
	android:name
		ADDED from AndroidManifest.xml:26:19
activity#info.androidhive.slidingmenu.Newuser
ADDED from AndroidManifest.xml:27:9
	android:name
		ADDED from AndroidManifest.xml:27:19
uses-permission#android.permission.INTERNET
ADDED from AndroidManifest.xml:30:8
	android:name
		ADDED from AndroidManifest.xml:30:25
uses-permission#android.permission.READ_PROFILE
ADDED from AndroidManifest.xml:31:1
	android:name
		ADDED from AndroidManifest.xml:31:18
uses-permission#android.permission.READ_CONTACTS
ADDED from AndroidManifest.xml:32:1
	android:name
		ADDED from AndroidManifest.xml:32:18
uses-permission#android.permission.GET_ACCOUNTS
ADDED from AndroidManifest.xml:33:1
	android:name
		ADDED from AndroidManifest.xml:33:18
uses-permission#android.permission.READ_PHONE_STATE
ADDED from AndroidManifest.xml:34:1
	android:name
		ADDED from AndroidManifest.xml:34:18
uses-permission#android.permission.WAKE_LOCK
ADDED from AndroidManifest.xml:35:2
	android:name
		ADDED from AndroidManifest.xml:35:19
uses-permission#com.android.alarm.permission.SET_ALARM
ADDED from AndroidManifest.xml:36:4
	android:name
		ADDED from AndroidManifest.xml:36:21